<?xml version="1.0" encoding="UTF-8"?>
<!-- Generated by org.testng.reporters.JUnitReportReporter -->
<testsuite hostname="DESKTOP-BDSGJ4N" failures="0" tests="1" name="apprunner.orangerunner" time="14.302" errors="0" timestamp="2024-07-17T18:26:16 IST" skipped="0">
  <testcase classname="apprunner.orangerunner" name="runScenario" time="14.302"/>
  <system-out/>
</testsuite> <!-- apprunner.orangerunner -->
